<?xml version="1.0" encoding="UTF-8"?>
<!-- Generated by org.testng.reporters.JUnitReportReporter -->
<testsuite name="com.sentinel.test.CreateCorporateTestSuite" tests="1" time="8.807" ignored="38" failures="0" timestamp="14 Sep 2018 10:31:01 GMT" skipped="0" hostname="CIPL-1PC126" errors="0">
  <testcase name="verifyFacilityCreateLayout" time="8.807" classname="com.sentinel.test.CreateCorporateTestSuite"/>
  <testcase name="verifyNewAddressFieldsWithDataBase" classname="com.sentinel.test.VerifyFacilityListingAndCreateAddressTestSuite">
    <skipped/>
  </testcase> <!-- verifyNewAddressFieldsWithDataBase -->
  <testcase name="verifyFacilityPageLayout" classname="com.sentinel.test.VerifyFacilityListingAndCreateAddressTestSuite">
    <skipped/>
  </testcase> <!-- verifyFacilityPageLayout -->
  <testcase name="verifyFacilityFilter" classname="com.sentinel.test.VerifyFacilityListingAndCreateAddressTestSuite">
    <skipped/>
  </testcase> <!-- verifyFacilityFilter -->
  <testcase name="verifyAddressPageLayout" classname="com.sentinel.test.VerifyFacilityListingAndCreateAddressTestSuite">
    <skipped/>
  </testcase> <!-- verifyAddressPageLayout -->
  <testcase name="verifyNewAddressFieldsErrorMessages" classname="com.sentinel.test.VerifyFacilityListingAndCreateAddressTestSuite">
    <skipped/>
  </testcase> <!-- verifyNewAddressFieldsErrorMessages -->
  <testcase name="verifyNewAddressFieldsLayout" classname="com.sentinel.test.VerifyFacilityListingAndCreateAddressTestSuite">
    <skipped/>
  </testcase> <!-- verifyNewAddressFieldsLayout -->
  <testcase name="verifyOTPErrorMessagesAndInvalidOTPErrorMessages" classname="com.sentinel.test.SignUpTestSuite">
    <skipped/>
  </testcase> <!-- verifyOTPErrorMessagesAndInvalidOTPErrorMessages -->
  <testcase name="verifyMaxLimitValidUsernameInvalidPassword" classname="com.sentinel.test.SignUpTestSuite">
    <skipped/>
  </testcase> <!-- verifyMaxLimitValidUsernameInvalidPassword -->
  <testcase name="verifyResetPasswordFunctionality" classname="com.sentinel.test.SignUpTestSuite">
    <skipped/>
  </testcase> <!-- verifyResetPasswordFunctionality -->
  <testcase name="verifyMaxLimitResendOTPS" classname="com.sentinel.test.SignUpTestSuite">
    <skipped/>
  </testcase> <!-- verifyMaxLimitResendOTPS -->
  <testcase name="verifyResetPasswordErrorMessages" classname="com.sentinel.test.SignUpTestSuite">
    <skipped/>
  </testcase> <!-- verifyResetPasswordErrorMessages -->
  <testcase name="verifyForgetUsernameOrPasswordPageElements" classname="com.sentinel.test.SignUpTestSuite">
    <skipped/>
  </testcase> <!-- verifyForgetUsernameOrPasswordPageElements -->
  <testcase name="verifyResendUserName" classname="com.sentinel.test.SignUpTestSuite">
    <skipped/>
  </testcase> <!-- verifyResendUserName -->
  <testcase name="verifyErrorMessages" classname="com.sentinel.test.SignUpTestSuite">
    <skipped/>
  </testcase> <!-- verifyErrorMessages -->
  <testcase name="verifyMaxLimitResetPasswordMail" classname="com.sentinel.test.SignUpTestSuite">
    <skipped/>
  </testcase> <!-- verifyMaxLimitResetPasswordMail -->
  <testcase name="verifySentinalSignUpPageLayout" classname="com.sentinel.test.SignUpTestSuite">
    <skipped/>
  </testcase> <!-- verifySentinalSignUpPageLayout -->
  <testcase name="verifyFacilityCreateLayout" classname="com.sentinel.test.CreateFacilityTestSuite">
    <skipped/>
  </testcase> <!-- verifyFacilityCreateLayout -->
  <testcase name="verifyFacilityFormCreated" classname="com.sentinel.test.CreateFacilityTestSuite">
    <skipped/>
  </testcase> <!-- verifyFacilityFormCreated -->
  <testcase name="verifyFacilityCreateErrorMessages" classname="com.sentinel.test.CreateFacilityTestSuite">
    <skipped/>
  </testcase> <!-- verifyFacilityCreateErrorMessages -->
  <testcase name="verifyFacilityCreateErrorMessages" classname="com.sentinel.test.CreateCorporateTestSuite">
    <skipped/>
  </testcase> <!-- verifyFacilityCreateErrorMessages -->
  <testcase name="verifyEmailGeneratedResetPasswordAndLinkExpired" classname="com.sentinel.test.AddContactWithLoginFunctionalityTestSuite">
    <skipped/>
  </testcase> <!-- verifyEmailGeneratedResetPasswordAndLinkExpired -->
  <testcase name="verifyEditContactPageLayout" classname="com.sentinel.test.AddContactWithLoginFunctionalityTestSuite">
    <skipped/>
  </testcase> <!-- verifyEditContactPageLayout -->
  <testcase name="verifyEditCreatedContactFunctionality" classname="com.sentinel.test.AddContactWithLoginFunctionalityTestSuite">
    <skipped/>
  </testcase> <!-- verifyEditCreatedContactFunctionality -->
  <testcase name="verifyNewContactAddedvaluesInDataBase" classname="com.sentinel.test.AddContactWithLoginFunctionalityTestSuite">
    <skipped/>
  </testcase> <!-- verifyNewContactAddedvaluesInDataBase -->
  <testcase name="verifyNewContactFieldsErrorMessages" classname="com.sentinel.test.AddContactWithLoginFunctionalityTestSuite">
    <skipped/>
  </testcase> <!-- verifyNewContactFieldsErrorMessages -->
  <testcase name="verifyEditContactResendUserNameFunctionality" classname="com.sentinel.test.AddContactWithLoginFunctionalityTestSuite">
    <skipped/>
  </testcase> <!-- verifyEditContactResendUserNameFunctionality -->
  <testcase name="verifyAddContactPageLayout" classname="com.sentinel.test.AddContactWithLoginFunctionalityTestSuite">
    <skipped/>
  </testcase> <!-- verifyAddContactPageLayout -->
  <testcase name="verifyNewContactFieldsLayout" classname="com.sentinel.test.AddContactWithLoginFunctionalityTestSuite">
    <skipped/>
  </testcase> <!-- verifyNewContactFieldsLayout -->
  <testcase name="verifyDepartmentManagementPageLayout" classname="com.sentinel.test.DepartmentManagementTestSuite">
    <skipped/>
  </testcase> <!-- verifyDepartmentManagementPageLayout -->
  <testcase name="addAndVerifyFacilityDepartment" classname="com.sentinel.test.DepartmentManagementTestSuite">
    <skipped/>
  </testcase> <!-- addAndVerifyFacilityDepartment -->
  <testcase name="verifyErrorMessagesAndSearchFunctionality" classname="com.sentinel.test.DepartmentManagementTestSuite">
    <skipped/>
  </testcase> <!-- verifyErrorMessagesAndSearchFunctionality -->
  <testcase name="verifyNewlyAddedDepartment" classname="com.sentinel.test.DepartmentManagementTestSuite">
    <skipped/>
  </testcase> <!-- verifyNewlyAddedDepartment -->
  <testcase name="verifyFacilityDepartmentLayout" classname="com.sentinel.test.DepartmentManagementTestSuite">
    <skipped/>
  </testcase> <!-- verifyFacilityDepartmentLayout -->
  <testcase name="addDepartmentToContact" classname="com.sentinel.test.DepartmentManagementTestSuite">
    <skipped/>
  </testcase> <!-- addDepartmentToContact -->
  <testcase name="verifyDefaultDepartmentAdminCreatedDepartment" classname="com.sentinel.test.DepartmentManagementTestSuite">
    <skipped/>
  </testcase> <!-- verifyDefaultDepartmentAdminCreatedDepartment -->
  <testcase name="verifyAdminDepartmentInacticateFunctionality" classname="com.sentinel.test.DepartmentManagementTestSuite">
    <skipped/>
  </testcase> <!-- verifyAdminDepartmentInacticateFunctionality -->
  <testcase name="verifyFacilityDepartmentInacticateFunctionality" classname="com.sentinel.test.DepartmentManagementTestSuite">
    <skipped/>
  </testcase> <!-- verifyFacilityDepartmentInacticateFunctionality -->
  <testcase name="verifyNewDepartmentPageLayout" classname="com.sentinel.test.DepartmentManagementTestSuite">
    <skipped/>
  </testcase> <!-- verifyNewDepartmentPageLayout -->
</testsuite> <!-- com.sentinel.test.CreateCorporateTestSuite -->
